# JRE version: OpenJDK Runtime Environment (8.0_76-b03) (build 1.8.0_76-release-b03)
# Java VM: OpenJDK 64-Bit Server VM (25.76-b03 mixed mode windows-amd64 compressed oops)
Heap:
 PSYoungGen      total 99328K, used 61875K [0x00000000e0000000, 0x00000000e8900000, 0x0000000100000000)
  eden space 87040K, 60% used [0x00000000e0000000,0x00000000e3333240,0x00000000e5500000)
  from space 12288K, 76% used [0x00000000e5500000,0x00000000e5e39c88,0x00000000e6100000)
  to   space 12288K, 0% used [0x00000000e7d00000,0x00000000e7d00000,0x00000000e8900000)
 ParOldGen       total 92672K, used 18083K [0x00000000a0000000, 0x00000000a5a80000, 0x00000000e0000000)
  object space 92672K, 19% used [0x00000000a0000000,0x00000000a11a8fe8,0x00000000a5a80000)
 Metaspace       used 43055K, capacity 44032K, committed 44288K, reserved 1087488K
  class space    used 5777K, capacity 6033K, committed 6144K, reserved 1048576K
GC Heap History (10 events):
Event: 16.857 GC heap before
{Heap before GC invocations=7 (full 1):
 PSYoungGen      total 38400K, used 38394K [0x00000000e0000000, 0x00000000e4a80000, 0x0000000100000000)
  eden space 33280K, 100% used [0x00000000e0000000,0x00000000e2080000,0x00000000e2080000)
  from space 5120K, 99% used [0x00000000e2080000,0x00000000e257ea38,0x00000000e2580000)
  to   space 11264K, 0% used [0x00000000e3f80000,0x00000000e3f80000,0x00000000e4a80000)
 ParOldGen       total 62976K, used 9865K [0x00000000a0000000, 0x00000000a3d80000, 0x00000000e0000000)
  object space 62976K, 15% used [0x00000000a0000000,0x00000000a09a25d8,0x00000000a3d80000)
 Metaspace       used 26313K, capacity 26912K, committed 27136K, reserved 1073152K
  class space    used 3628K, capacity 3797K, committed 3840K, reserved 1048576K
Event: 16.886 GC heap after
Heap after GC invocations=7 (full 1):
 PSYoungGen      total 65536K, used 5946K [0x00000000e0000000, 0x00000000e4a80000, 0x0000000100000000)
  eden space 54272K, 0% used [0x00000000e0000000,0x00000000e0000000,0x00000000e3500000)
  from space 11264K, 52% used [0x00000000e3f80000,0x00000000e454e888,0x00000000e4a80000)
  to   space 10752K, 0% used [0x00000000e3500000,0x00000000e3500000,0x00000000e3f80000)
 ParOldGen       total 62976K, used 9865K [0x00000000a0000000, 0x00000000a3d80000, 0x00000000e0000000)
  object space 62976K, 15% used [0x00000000a0000000,0x00000000a09a25d8,0x00000000a3d80000)
 Metaspace       used 26313K, capacity 26912K, committed 27136K, reserved 1073152K
  class space    used 3628K, capacity 3797K, committed 3840K, reserved 1048576K
}
Event: 18.922 GC heap before
{Heap before GC invocations=8 (full 1):
 PSYoungGen      total 65536K, used 60218K [0x00000000e0000000, 0x00000000e4a80000, 0x0000000100000000)
  eden space 54272K, 100% used [0x00000000e0000000,0x00000000e3500000,0x00000000e3500000)
  from space 11264K, 52% used [0x00000000e3f80000,0x00000000e454e888,0x00000000e4a80000)
  to   space 10752K, 0% used [0x00000000e3500000,0x00000000e3500000,0x00000000e3f80000)
 ParOldGen       total 62976K, used 9865K [0x00000000a0000000, 0x00000000a3d80000, 0x00000000e0000000)
  object space 62976K, 15% used [0x00000000a0000000,0x00000000a09a25d8,0x00000000a3d80000)
 Metaspace       used 29652K, capacity 30244K, committed 30336K, reserved 1075200K
  class space    used 4023K, capacity 4185K, committed 4224K, reserved 1048576K
Event: 18.947 GC heap after
Heap after GC invocations=8 (full 1):
 PSYoungGen      total 65024K, used 7229K [0x00000000e0000000, 0x00000000e6b00000, 0x0000000100000000)
  eden space 54272K, 0% used [0x00000000e0000000,0x00000000e0000000,0x00000000e3500000)
  from space 10752K, 67% used [0x00000000e3500000,0x00000000e3c0f578,0x00000000e3f80000)
  to   space 10240K, 0% used [0x00000000e6100000,0x00000000e6100000,0x00000000e6b00000)
 ParOldGen       total 62976K, used 9873K [0x00000000a0000000, 0x00000000a3d80000, 0x00000000e0000000)
  object space 62976K, 15% used [0x00000000a0000000,0x00000000a09a45d8,0x00000000a3d80000)
 Metaspace       used 29652K, capacity 30244K, committed 30336K, reserved 1075200K
  class space    used 4023K, capacity 4185K, committed 4224K, reserved 1048576K
}
Event: 21.681 GC heap before
{Heap before GC invocations=9 (full 1):
 PSYoungGen      total 65024K, used 61329K [0x00000000e0000000, 0x00000000e6b00000, 0x0000000100000000)
  eden space 54272K, 99% used [0x00000000e0000000,0x00000000e34d5130,0x00000000e3500000)
  from space 10752K, 67% used [0x00000000e3500000,0x00000000e3c0f578,0x00000000e3f80000)
  to   space 10240K, 0% used [0x00000000e6100000,0x00000000e6100000,0x00000000e6b00000)
 ParOldGen       total 62976K, used 9873K [0x00000000a0000000, 0x00000000a3d80000, 0x00000000e0000000)
  object space 62976K, 15% used [0x00000000a0000000,0x00000000a09a45d8,0x00000000a3d80000)
 Metaspace       used 34715K, capacity 35382K, committed 35496K, reserved 1079296K
  class space    used 4647K, capacity 4815K, committed 4864K, reserved 1048576K
Event: 21.712 GC heap after
Heap after GC invocations=9 (full 1):
 PSYoungGen      total 97280K, used 10230K [0x00000000e0000000, 0x00000000e6e80000, 0x0000000100000000)
  eden space 87040K, 0% used [0x00000000e0000000,0x00000000e0000000,0x00000000e5500000)
  from space 10240K, 99% used [0x00000000e6100000,0x00000000e6afd908,0x00000000e6b00000)
  to   space 12288K, 0% used [0x00000000e5500000,0x00000000e5500000,0x00000000e6100000)
 ParOldGen       total 62976K, used 11103K [0x00000000a0000000, 0x00000000a3d80000, 0x00000000e0000000)
  object space 62976K, 17% used [0x00000000a0000000,0x00000000a0ad7d00,0x00000000a3d80000)
 Metaspace       used 34715K, capacity 35382K, committed 35496K, reserved 1079296K
  class space    used 4647K, capacity 4815K, committed 4864K, reserved 1048576K
}
Event: 21.712 GC heap before
{Heap before GC invocations=10 (full 2):
 PSYoungGen      total 97280K, used 10230K [0x00000000e0000000, 0x00000000e6e80000, 0x0000000100000000)
  eden space 87040K, 0% used [0x00000000e0000000,0x00000000e0000000,0x00000000e5500000)
  from space 10240K, 99% used [0x00000000e6100000,0x00000000e6afd908,0x00000000e6b00000)
  to   space 12288K, 0% used [0x00000000e5500000,0x00000000e5500000,0x00000000e6100000)
 ParOldGen       total 62976K, used 11103K [0x00000000a0000000, 0x00000000a3d80000, 0x00000000e0000000)
  object space 62976K, 17% used [0x00000000a0000000,0x00000000a0ad7d00,0x00000000a3d80000)
 Metaspace       used 34715K, capacity 35382K, committed 35496K, reserved 1079296K
  class space    used 4647K, capacity 4815K, committed 4864K, reserved 1048576K
Event: 21.833 GC heap after
Heap after GC invocations=10 (full 2):
 PSYoungGen      total 97280K, used 0K [0x00000000e0000000, 0x00000000e6e80000, 0x0000000100000000)
  eden space 87040K, 0% used [0x00000000e0000000,0x00000000e0000000,0x00000000e5500000)
  from space 10240K, 0% used [0x00000000e6100000,0x00000000e6100000,0x00000000e6b00000)
  to   space 12288K, 0% used [0x00000000e5500000,0x00000000e5500000,0x00000000e6100000)
 ParOldGen       total 92672K, used 18075K [0x00000000a0000000, 0x00000000a5a80000, 0x00000000e0000000)
  object space 92672K, 19% used [0x00000000a0000000,0x00000000a11a6fe8,0x00000000a5a80000)
 Metaspace       used 34715K, capacity 35382K, committed 35496K, reserved 1079296K
  class space    used 4647K, capacity 4815K, committed 4864K, reserved 1048576K
}
Event: 24.176 GC heap before
{Heap before GC invocations=11 (full 2):
 PSYoungGen      total 97280K, used 87040K [0x00000000e0000000, 0x00000000e6e80000, 0x0000000100000000)
  eden space 87040K, 100% used [0x00000000e0000000,0x00000000e5500000,0x00000000e5500000)
  from space 10240K, 0% used [0x00000000e6100000,0x00000000e6100000,0x00000000e6b00000)
  to   space 12288K, 0% used [0x00000000e5500000,0x00000000e5500000,0x00000000e6100000)
 ParOldGen       total 92672K, used 18075K [0x00000000a0000000, 0x00000000a5a80000, 0x00000000e0000000)
  object space 92672K, 19% used [0x00000000a0000000,0x00000000a11a6fe8,0x00000000a5a80000)
 Metaspace       used 38647K, capacity 39520K, committed 39808K, reserved 1083392K
  class space    used 5181K, capacity 5429K, committed 5504K, reserved 1048576K
Event: 24.216 GC heap after
Heap after GC invocations=11 (full 2):
 PSYoungGen      total 99328K, used 9447K [0x00000000e0000000, 0x00000000e8900000, 0x0000000100000000)
  eden space 87040K, 0% used [0x00000000e0000000,0x00000000e0000000,0x00000000e5500000)
  from space 12288K, 76% used [0x00000000e5500000,0x00000000e5e39c88,0x00000000e6100000)
  to   space 12288K, 0% used [0x00000000e7d00000,0x00000000e7d00000,0x00000000e8900000)
 ParOldGen       total 92672K, used 18083K [0x00000000a0000000, 0x00000000a5a80000, 0x00000000e0000000)
  object space 92672K, 19% used [0x00000000a0000000,0x00000000a11a8fe8,0x00000000a5a80000)
 Metaspace       used 38647K, capacity 39520K, committed 39808K, reserved 1083392K
  class space    used 5181K, capacity 5429K, committed 5504K, reserved 1048576K
}

